[21:42:22] Loaded init checkpoint from runs/il_gpu/il_final.pt
[21:42:25] upd 1/200 | 2.29s | steps=32768 | loss=0.4290 pi=0.3795 v=0.0666 ent=3.4923 | frontier=on
[21:42:26] upd 2/200 | 1.67s | steps=32768 | loss=0.2747 pi=0.2449 v=0.0311 ent=3.5497 | frontier=on
[21:42:28] upd 3/200 | 1.66s | steps=32768 | loss=0.1511 pi=0.1329 v=0.0098 ent=3.5325 | frontier=on
[21:42:30] upd 4/200 | 1.72s | steps=32768 | loss=0.0435 pi=0.0279 v=0.0040 ent=3.5697 | frontier=on
[21:42:32] upd 5/200 | 1.68s | steps=32768 | loss=0.0194 pi=0.0048 v=0.0031 ent=3.6047 | frontier=on
[21:42:33] upd 6/200 | 1.70s | steps=32768 | loss=0.0092 pi=-0.0063 v=0.0030 ent=3.5983 | frontier=on
[21:42:35] upd 7/200 | 1.72s | steps=32768 | loss=0.0109 pi=-0.0044 v=0.0029 ent=3.6035 | frontier=on
[21:42:37] upd 8/200 | 1.73s | steps=32768 | loss=0.0091 pi=-0.0067 v=0.0028 ent=3.5944 | frontier=on
[21:42:38] upd 9/200 | 1.73s | steps=32768 | loss=0.0022 pi=-0.0134 v=0.0028 ent=3.5589 | frontier=on
[21:42:40] upd 10/200 | 1.73s | steps=32768 | loss=-0.0018 pi=-0.0178 v=0.0027 ent=3.5268 | frontier=on
[21:42:42] upd 11/200 | 1.73s | steps=32768 | loss=-0.0054 pi=-0.0217 v=0.0027 ent=3.4859 | frontier=on
[21:42:44] upd 12/200 | 1.73s | steps=32768 | loss=-0.0039 pi=-0.0205 v=0.0031 ent=3.4616 | frontier=on
[21:42:45] upd 13/200 | 1.72s | steps=32768 | loss=-0.0057 pi=-0.0230 v=0.0033 ent=3.4357 | frontier=on
[21:42:47] upd 14/200 | 1.72s | steps=32768 | loss=-0.0025 pi=-0.0197 v=0.0036 ent=3.3840 | frontier=on
[21:42:49] upd 15/200 | 1.72s | steps=32768 | loss=-0.0001 pi=-0.0177 v=0.0037 ent=3.3813 | frontier=on
[21:42:50] upd 16/200 | 1.72s | steps=32768 | loss=-0.0026 pi=-0.0200 v=0.0035 ent=3.3401 | frontier=on
[21:42:52] upd 17/200 | 1.72s | steps=32768 | loss=-0.0018 pi=-0.0189 v=0.0036 ent=3.3141 | frontier=on
[21:42:54] upd 18/200 | 1.71s | steps=32768 | loss=-0.0004 pi=-0.0176 v=0.0038 ent=3.3109 | frontier=on
[21:42:56] upd 19/200 | 1.71s | steps=32768 | loss=-0.0044 pi=-0.0214 v=0.0030 ent=3.3169 | frontier=on
[21:42:57] upd 20/200 | 1.71s | steps=32768 | loss=-0.0053 pi=-0.0223 v=0.0028 ent=3.3089 | frontier=on
[21:42:59] upd 21/200 | 1.71s | steps=32768 | loss=-0.0034 pi=-0.0205 v=0.0029 ent=3.2765 | frontier=on
[21:43:01] upd 22/200 | 1.71s | steps=32768 | loss=-0.0079 pi=-0.0238 v=0.0025 ent=3.2331 | frontier=on
[21:43:02] upd 23/200 | 1.71s | steps=32768 | loss=-0.0071 pi=-0.0235 v=0.0023 ent=3.2702 | frontier=on
[21:43:04] upd 24/200 | 1.71s | steps=32768 | loss=-0.0011 pi=-0.0174 v=0.0030 ent=3.2577 | frontier=on
[21:43:06] upd 25/200 | 1.71s | steps=32768 | loss=-0.0057 pi=-0.0224 v=0.0023 ent=3.2214 | frontier=on
[21:43:08] upd 26/200 | 1.71s | steps=32768 | loss=-0.0031 pi=-0.0196 v=0.0024 ent=3.2144 | frontier=on
[21:43:09] upd 27/200 | 1.71s | steps=32768 | loss=-0.0020 pi=-0.0180 v=0.0024 ent=3.2022 | frontier=on
[21:43:11] upd 28/200 | 1.71s | steps=32768 | loss=-0.0059 pi=-0.0215 v=0.0019 ent=3.2236 | frontier=on
[21:43:13] upd 29/200 | 1.71s | steps=32768 | loss=0.0010 pi=-0.0150 v=0.0026 ent=3.2374 | frontier=on
[21:43:14] upd 30/200 | 1.71s | steps=32768 | loss=0.0001 pi=-0.0151 v=0.0026 ent=3.1833 | frontier=on
[21:43:16] upd 31/200 | 1.71s | steps=32768 | loss=-0.0017 pi=-0.0164 v=0.0021 ent=3.1659 | frontier=on
[21:43:18] upd 32/200 | 1.70s | steps=32768 | loss=0.0009 pi=-0.0142 v=0.0023 ent=3.1981 | frontier=on
[21:43:20] upd 33/200 | 1.71s | steps=32768 | loss=-0.0006 pi=-0.0160 v=0.0018 ent=3.1918 | frontier=on
[21:43:21] upd 34/200 | 1.70s | steps=32768 | loss=-0.0007 pi=-0.0163 v=0.0015 ent=3.1722 | frontier=on
[21:43:23] upd 35/200 | 1.70s | steps=32768 | loss=-0.0000 pi=-0.0138 v=0.0018 ent=3.1384 | frontier=on
[21:43:25] upd 36/200 | 1.70s | steps=32768 | loss=0.0019 pi=-0.0134 v=0.0018 ent=3.2047 | frontier=on
[21:43:26] upd 37/200 | 1.71s | steps=32768 | loss=0.0003 pi=-0.0138 v=0.0017 ent=3.1693 | frontier=on
[21:43:28] upd 38/200 | 1.70s | steps=32768 | loss=0.0025 pi=-0.0116 v=0.0018 ent=3.1718 | frontier=on
[21:43:30] upd 39/200 | 1.73s | steps=32768 | loss=0.0021 pi=-0.0119 v=0.0016 ent=3.1398 | frontier=on
[21:43:32] upd 40/200 | 1.71s | steps=32768 | loss=0.0077 pi=-0.0067 v=0.0023 ent=3.1746 | frontier=on
[21:43:33] upd 41/200 | 1.73s | steps=32768 | loss=0.0024 pi=-0.0114 v=0.0015 ent=3.1530 | frontier=on
[21:43:35] upd 42/200 | 1.71s | steps=32768 | loss=0.0077 pi=-0.0065 v=0.0022 ent=3.1509 | frontier=on
[21:43:37] upd 43/200 | 1.70s | steps=32768 | loss=0.0039 pi=-0.0102 v=0.0013 ent=3.1661 | frontier=on
[21:43:38] upd 44/200 | 1.71s | steps=32768 | loss=0.0051 pi=-0.0078 v=0.0020 ent=3.1193 | frontier=on
[21:43:40] upd 45/200 | 1.71s | steps=32768 | loss=0.0046 pi=-0.0094 v=0.0014 ent=3.1828 | frontier=on
[21:43:42] upd 46/200 | 1.70s | steps=32768 | loss=0.0093 pi=-0.0046 v=0.0023 ent=3.1827 | frontier=on
[21:43:43] upd 47/200 | 1.70s | steps=32768 | loss=0.0074 pi=-0.0063 v=0.0019 ent=3.1708 | frontier=on
[21:43:45] upd 48/200 | 1.71s | steps=32768 | loss=0.0066 pi=-0.0070 v=0.0018 ent=3.1861 | frontier=on
[21:43:47] upd 49/200 | 1.70s | steps=32768 | loss=0.0086 pi=-0.0051 v=0.0021 ent=3.1841 | frontier=on
[21:43:49] upd 50/200 | 1.70s | steps=32768 | loss=0.0073 pi=-0.0063 v=0.0018 ent=3.1851 | frontier=on
[21:43:50] upd 51/200 | 1.71s | steps=32768 | loss=0.0089 pi=-0.0047 v=0.0017 ent=3.2166 | frontier=on
[21:43:52] upd 52/200 | 1.71s | steps=32768 | loss=0.0093 pi=-0.0034 v=0.0022 ent=3.2119 | frontier=on
[21:43:54] upd 53/200 | 1.70s | steps=32768 | loss=0.0060 pi=-0.0068 v=0.0015 ent=3.2075 | frontier=on
[21:43:55] upd 54/200 | 1.71s | steps=32768 | loss=0.0068 pi=-0.0048 v=0.0015 ent=3.1921 | frontier=on
[21:43:57] upd 55/200 | 1.70s | steps=32768 | loss=0.0089 pi=-0.0037 v=0.0012 ent=3.2455 | frontier=on
[21:43:59] upd 56/200 | 1.70s | steps=32768 | loss=0.0083 pi=-0.0033 v=0.0013 ent=3.2311 | frontier=on
[21:44:01] upd 57/200 | 1.71s | steps=32768 | loss=0.0075 pi=-0.0040 v=0.0013 ent=3.2010 | frontier=on
[21:44:02] upd 58/200 | 1.71s | steps=32768 | loss=0.0119 pi=-0.0005 v=0.0021 ent=3.2191 | frontier=on
[21:44:04] upd 59/200 | 1.71s | steps=32768 | loss=0.0118 pi=-0.0006 v=0.0021 ent=3.2486 | frontier=on
[21:44:06] upd 60/200 | 1.70s | steps=32768 | loss=0.0130 pi=0.0008 v=0.0023 ent=3.2333 | frontier=on
[21:44:07] upd 61/200 | 1.71s | steps=32768 | loss=0.0105 pi=-0.0012 v=0.0020 ent=3.1893 | frontier=on
[21:44:09] upd 62/200 | 1.71s | steps=32768 | loss=0.0102 pi=-0.0017 v=0.0018 ent=3.2175 | frontier=on
[21:44:11] upd 63/200 | 1.71s | steps=32768 | loss=0.0109 pi=-0.0003 v=0.0020 ent=3.1830 | frontier=on
[21:44:13] upd 64/200 | 1.71s | steps=32768 | loss=0.0111 pi=-0.0000 v=0.0018 ent=3.1791 | frontier=on
[21:44:14] upd 65/200 | 1.71s | steps=32768 | loss=0.0074 pi=-0.0034 v=0.0011 ent=3.2213 | frontier=on
[21:44:16] upd 66/200 | 1.71s | steps=32768 | loss=0.0120 pi=0.0007 v=0.0019 ent=3.2147 | frontier=on
[21:44:18] upd 67/200 | 1.71s | steps=32768 | loss=0.0100 pi=-0.0016 v=0.0016 ent=3.2321 | frontier=on
[21:44:19] upd 68/200 | 1.71s | steps=32768 | loss=0.0084 pi=-0.0020 v=0.0016 ent=3.1925 | frontier=on
[21:44:21] upd 69/200 | 1.71s | steps=32768 | loss=0.0096 pi=-0.0014 v=0.0018 ent=3.2221 | frontier=on
[21:44:23] upd 70/200 | 1.71s | steps=32768 | loss=0.0100 pi=-0.0008 v=0.0018 ent=3.2604 | frontier=on
[21:44:24] upd 71/200 | 1.71s | steps=32768 | loss=0.0118 pi=0.0006 v=0.0020 ent=3.2264 | frontier=on
[21:44:26] upd 72/200 | 1.72s | steps=32768 | loss=0.0089 pi=-0.0018 v=0.0019 ent=3.2118 | frontier=on
[21:44:28] upd 73/200 | 1.72s | steps=32768 | loss=0.0086 pi=-0.0021 v=0.0017 ent=3.1947 | frontier=on
[21:44:30] upd 74/200 | 1.71s | steps=32768 | loss=0.0076 pi=-0.0023 v=0.0015 ent=3.2319 | frontier=on
[21:44:31] upd 75/200 | 1.71s | steps=32768 | loss=0.0102 pi=-0.0001 v=0.0020 ent=3.2121 | frontier=on
[21:44:33] upd 76/200 | 1.71s | steps=32768 | loss=0.0060 pi=-0.0039 v=0.0014 ent=3.2474 | frontier=on
[21:44:35] upd 77/200 | 1.71s | steps=32768 | loss=0.0084 pi=-0.0013 v=0.0019 ent=3.2122 | frontier=on
[21:44:36] upd 78/200 | 1.71s | steps=32768 | loss=0.0092 pi=-0.0014 v=0.0018 ent=3.2157 | frontier=on
[21:44:38] upd 79/200 | 1.71s | steps=32768 | loss=0.0078 pi=-0.0020 v=0.0019 ent=3.1929 | frontier=on
[21:44:40] upd 80/200 | 1.72s | steps=32768 | loss=0.0080 pi=-0.0019 v=0.0019 ent=3.2203 | frontier=on
[21:44:42] upd 81/200 | 1.71s | steps=32768 | loss=0.0089 pi=-0.0020 v=0.0019 ent=3.2310 | frontier=on
[21:44:43] upd 82/200 | 1.71s | steps=32768 | loss=0.0031 pi=-0.0055 v=0.0011 ent=3.2374 | frontier=on
[21:44:45] upd 83/200 | 1.71s | steps=32768 | loss=0.0092 pi=-0.0007 v=0.0020 ent=3.2548 | frontier=on
[21:44:47] upd 84/200 | 1.71s | steps=32768 | loss=0.0099 pi=-0.0002 v=0.0019 ent=3.2739 | frontier=on
[21:44:48] upd 85/200 | 1.71s | steps=32768 | loss=0.0112 pi=0.0013 v=0.0022 ent=3.2450 | frontier=on
[21:44:50] upd 86/200 | 1.71s | steps=32768 | loss=0.0122 pi=0.0017 v=0.0024 ent=3.2778 | frontier=on
[21:44:52] upd 87/200 | 1.71s | steps=32768 | loss=0.0138 pi=0.0042 v=0.0027 ent=3.2183 | frontier=on
[21:44:54] upd 88/200 | 1.71s | steps=32768 | loss=0.0095 pi=-0.0004 v=0.0015 ent=3.2856 | frontier=on
[21:44:55] upd 89/200 | 1.71s | steps=32768 | loss=0.0101 pi=0.0006 v=0.0019 ent=3.2569 | frontier=on
[21:44:57] upd 90/200 | 1.71s | steps=32768 | loss=0.0069 pi=-0.0027 v=0.0017 ent=3.2439 | frontier=on
[21:44:59] upd 91/200 | 1.71s | steps=32768 | loss=0.0062 pi=-0.0031 v=0.0014 ent=3.2422 | frontier=on
[21:45:00] upd 92/200 | 1.71s | steps=32768 | loss=0.0104 pi=0.0007 v=0.0019 ent=3.2860 | frontier=on
[21:45:02] upd 93/200 | 1.71s | steps=32768 | loss=0.0125 pi=0.0023 v=0.0024 ent=3.2784 | frontier=on
[21:45:04] upd 94/200 | 1.71s | steps=32768 | loss=0.0121 pi=0.0024 v=0.0023 ent=3.2279 | frontier=on
[21:45:06] upd 95/200 | 1.71s | steps=32768 | loss=0.0085 pi=-0.0009 v=0.0015 ent=3.2225 | frontier=on
[21:45:07] upd 96/200 | 1.71s | steps=32768 | loss=0.0108 pi=0.0005 v=0.0017 ent=3.2395 | frontier=on
[21:45:09] upd 97/200 | 1.71s | steps=32768 | loss=0.0078 pi=-0.0017 v=0.0012 ent=3.2380 | frontier=on
[21:45:11] upd 98/200 | 1.72s | steps=32768 | loss=0.0086 pi=-0.0006 v=0.0014 ent=3.2325 | frontier=on
[21:45:12] upd 99/200 | 1.71s | steps=32768 | loss=0.0112 pi=0.0018 v=0.0017 ent=3.2348 | frontier=on
[21:45:14] upd 100/200 | 1.71s | steps=32768 | loss=0.0063 pi=-0.0028 v=0.0010 ent=3.2468 | frontier=on
[21:45:16] upd 101/200 | 1.72s | steps=32768 | loss=0.0084 pi=-0.0006 v=0.0016 ent=3.2286 | frontier=on
[21:45:18] upd 102/200 | 1.71s | steps=32768 | loss=0.0115 pi=0.0016 v=0.0020 ent=3.2740 | frontier=on
[21:45:19] upd 103/200 | 1.71s | steps=32768 | loss=0.0112 pi=0.0016 v=0.0021 ent=3.2487 | frontier=on
[21:45:21] upd 104/200 | 1.72s | steps=32768 | loss=0.0101 pi=0.0012 v=0.0017 ent=3.2214 | frontier=on
[21:45:23] upd 105/200 | 1.71s | steps=32768 | loss=0.0080 pi=-0.0014 v=0.0012 ent=3.2274 | frontier=on
[21:45:24] upd 106/200 | 1.71s | steps=32768 | loss=0.0088 pi=-0.0007 v=0.0014 ent=3.2342 | frontier=on
[21:45:26] upd 107/200 | 1.74s | steps=32768 | loss=0.0061 pi=-0.0026 v=0.0011 ent=3.2205 | frontier=on
[21:45:28] upd 108/200 | 1.71s | steps=32768 | loss=0.0090 pi=-0.0002 v=0.0017 ent=3.2239 | frontier=on
[21:45:30] upd 109/200 | 1.71s | steps=32768 | loss=0.0057 pi=-0.0032 v=0.0009 ent=3.2468 | frontier=on
[21:45:31] upd 110/200 | 1.71s | steps=32768 | loss=0.0105 pi=0.0004 v=0.0018 ent=3.2891 | frontier=on
[21:45:33] upd 111/200 | 1.71s | steps=32768 | loss=0.0082 pi=-0.0013 v=0.0016 ent=3.2646 | frontier=on
[21:45:35] upd 112/200 | 1.71s | steps=32768 | loss=0.0079 pi=-0.0010 v=0.0015 ent=3.2705 | frontier=on
[21:45:36] upd 113/200 | 1.71s | steps=32768 | loss=0.0097 pi=0.0003 v=0.0016 ent=3.2628 | frontier=on
[21:45:38] upd 114/200 | 1.71s | steps=32768 | loss=0.0078 pi=-0.0022 v=0.0013 ent=3.3099 | frontier=on
[21:45:40] upd 115/200 | 1.71s | steps=32768 | loss=0.0073 pi=-0.0022 v=0.0014 ent=3.2895 | frontier=on
[21:45:42] upd 116/200 | 1.71s | steps=32768 | loss=0.0064 pi=-0.0026 v=0.0012 ent=3.2725 | frontier=on
[21:45:43] upd 117/200 | 1.71s | steps=32768 | loss=0.0100 pi=0.0008 v=0.0020 ent=3.2844 | frontier=on
[21:45:45] upd 118/200 | 1.71s | steps=32768 | loss=0.0103 pi=0.0009 v=0.0019 ent=3.2849 | frontier=on
[21:45:47] upd 119/200 | 1.71s | steps=32768 | loss=0.0122 pi=0.0021 v=0.0020 ent=3.2967 | frontier=on
[21:45:48] upd 120/200 | 1.71s | steps=32768 | loss=0.0089 pi=-0.0003 v=0.0019 ent=3.2649 | frontier=on
[21:45:50] upd 121/200 | 1.71s | steps=32768 | loss=0.0082 pi=-0.0014 v=0.0016 ent=3.2837 | frontier=on
[21:45:52] upd 122/200 | 1.71s | steps=32768 | loss=0.0071 pi=-0.0015 v=0.0014 ent=3.2751 | frontier=on
[21:45:54] upd 123/200 | 1.71s | steps=32768 | loss=0.0092 pi=0.0002 v=0.0017 ent=3.2874 | frontier=on
[21:45:55] upd 124/200 | 1.71s | steps=32768 | loss=0.0113 pi=0.0020 v=0.0021 ent=3.2865 | frontier=on
[21:45:57] upd 125/200 | 1.71s | steps=32768 | loss=0.0099 pi=0.0001 v=0.0019 ent=3.2966 | frontier=on
[21:45:59] upd 126/200 | 1.71s | steps=32768 | loss=0.0056 pi=-0.0036 v=0.0012 ent=3.2846 | frontier=on
[21:46:00] upd 127/200 | 1.71s | steps=32768 | loss=0.0083 pi=-0.0005 v=0.0018 ent=3.2557 | frontier=on
[21:46:02] upd 128/200 | 1.71s | steps=32768 | loss=0.0095 pi=-0.0000 v=0.0018 ent=3.2790 | frontier=on
[21:46:04] upd 129/200 | 1.71s | steps=32768 | loss=0.0099 pi=0.0007 v=0.0017 ent=3.3142 | frontier=on
[21:46:06] upd 130/200 | 1.72s | steps=32768 | loss=0.0080 pi=-0.0005 v=0.0016 ent=3.2716 | frontier=on
[21:46:07] upd 131/200 | 1.71s | steps=32768 | loss=0.0081 pi=-0.0000 v=0.0017 ent=3.2312 | frontier=on
[21:46:09] upd 132/200 | 1.71s | steps=32768 | loss=0.0088 pi=-0.0006 v=0.0015 ent=3.2794 | frontier=on
[21:46:11] upd 133/200 | 1.72s | steps=32768 | loss=0.0061 pi=-0.0027 v=0.0011 ent=3.2847 | frontier=on
[21:46:12] upd 134/200 | 1.71s | steps=32768 | loss=0.0087 pi=-0.0005 v=0.0015 ent=3.2975 | frontier=on
[21:46:14] upd 135/200 | 1.71s | steps=32768 | loss=0.0081 pi=-0.0006 v=0.0017 ent=3.2624 | frontier=on
[21:46:16] upd 136/200 | 1.71s | steps=32768 | loss=0.0068 pi=-0.0019 v=0.0015 ent=3.2749 | frontier=on
[21:46:18] upd 137/200 | 1.71s | steps=32768 | loss=0.0073 pi=-0.0018 v=0.0014 ent=3.3093 | frontier=on
[21:46:19] upd 138/200 | 1.72s | steps=32768 | loss=0.0077 pi=-0.0014 v=0.0013 ent=3.3058 | frontier=on
[21:46:21] upd 139/200 | 1.72s | steps=32768 | loss=0.0051 pi=-0.0029 v=0.0011 ent=3.2843 | frontier=on
[21:46:23] upd 140/200 | 1.71s | steps=32768 | loss=0.0097 pi=0.0011 v=0.0018 ent=3.2832 | frontier=on
[21:46:24] upd 141/200 | 1.71s | steps=32768 | loss=0.0087 pi=-0.0004 v=0.0011 ent=3.3350 | frontier=on
[21:46:26] upd 142/200 | 1.72s | steps=32768 | loss=0.0108 pi=0.0012 v=0.0016 ent=3.3064 | frontier=on
[21:46:28] upd 143/200 | 1.71s | steps=32768 | loss=0.0055 pi=-0.0029 v=0.0010 ent=3.2667 | frontier=on
[21:46:30] upd 144/200 | 1.71s | steps=32768 | loss=0.0049 pi=-0.0032 v=0.0008 ent=3.2853 | frontier=on
[21:46:31] upd 145/200 | 1.71s | steps=32768 | loss=0.0067 pi=-0.0009 v=0.0012 ent=3.2600 | frontier=on
[21:46:33] upd 146/200 | 1.71s | steps=32768 | loss=0.0078 pi=-0.0011 v=0.0011 ent=3.3004 | frontier=on
[21:46:35] upd 147/200 | 1.70s | steps=32768 | loss=0.0096 pi=0.0010 v=0.0016 ent=3.2846 | frontier=on
[21:46:36] upd 148/200 | 1.71s | steps=32768 | loss=0.0071 pi=-0.0017 v=0.0010 ent=3.2828 | frontier=on
[21:46:38] upd 149/200 | 1.71s | steps=32768 | loss=0.0096 pi=0.0005 v=0.0016 ent=3.2867 | frontier=on
[21:46:40] upd 150/200 | 1.71s | steps=32768 | loss=0.0042 pi=-0.0041 v=0.0006 ent=3.3032 | frontier=on
[21:46:42] upd 151/200 | 1.71s | steps=32768 | loss=0.0066 pi=-0.0025 v=0.0009 ent=3.3165 | frontier=on
[21:46:43] upd 152/200 | 1.71s | steps=32768 | loss=0.0117 pi=0.0022 v=0.0018 ent=3.3132 | frontier=on
[21:46:45] upd 153/200 | 1.71s | steps=32768 | loss=0.0078 pi=-0.0008 v=0.0015 ent=3.2759 | frontier=on
[21:46:47] upd 154/200 | 1.71s | steps=32768 | loss=0.0090 pi=0.0006 v=0.0018 ent=3.2706 | frontier=on
[21:46:48] upd 155/200 | 1.71s | steps=32768 | loss=0.0084 pi=0.0001 v=0.0015 ent=3.2954 | frontier=on
[21:46:50] upd 156/200 | 1.71s | steps=32768 | loss=0.0081 pi=-0.0013 v=0.0013 ent=3.2877 | frontier=on
[21:46:52] upd 157/200 | 1.71s | steps=32768 | loss=0.0066 pi=-0.0020 v=0.0012 ent=3.2693 | frontier=on
[21:46:53] upd 158/200 | 1.71s | steps=32768 | loss=0.0031 pi=-0.0050 v=0.0005 ent=3.2773 | frontier=on
[21:46:55] upd 159/200 | 1.71s | steps=32768 | loss=0.0054 pi=-0.0028 v=0.0011 ent=3.2653 | frontier=on
[21:46:57] upd 160/200 | 1.71s | steps=32768 | loss=0.0032 pi=-0.0055 v=0.0005 ent=3.2772 | frontier=on
[21:46:59] upd 161/200 | 1.71s | steps=32768 | loss=0.0079 pi=-0.0012 v=0.0012 ent=3.2849 | frontier=on
[21:47:00] upd 162/200 | 1.71s | steps=32768 | loss=0.0073 pi=-0.0018 v=0.0009 ent=3.3000 | frontier=on
[21:47:02] upd 163/200 | 1.71s | steps=32768 | loss=0.0064 pi=-0.0023 v=0.0009 ent=3.2791 | frontier=on
[21:47:04] upd 164/200 | 1.71s | steps=32768 | loss=0.0053 pi=-0.0033 v=0.0007 ent=3.2696 | frontier=on
[21:47:05] upd 165/200 | 1.71s | steps=32768 | loss=0.0071 pi=-0.0015 v=0.0010 ent=3.2815 | frontier=on
[21:47:07] upd 166/200 | 1.71s | steps=32768 | loss=0.0062 pi=-0.0016 v=0.0010 ent=3.2636 | frontier=on
[21:47:09] upd 167/200 | 1.71s | steps=32768 | loss=0.0055 pi=-0.0028 v=0.0007 ent=3.2759 | frontier=on
[21:47:11] upd 168/200 | 1.71s | steps=32768 | loss=0.0061 pi=-0.0012 v=0.0010 ent=3.2097 | frontier=on
[21:47:12] upd 169/200 | 1.71s | steps=32768 | loss=0.0083 pi=-0.0001 v=0.0012 ent=3.2514 | frontier=on
[21:47:14] upd 170/200 | 1.71s | steps=32768 | loss=0.0095 pi=0.0001 v=0.0011 ent=3.3111 | frontier=on
[21:47:16] upd 171/200 | 1.71s | steps=32768 | loss=0.0067 pi=-0.0009 v=0.0008 ent=3.2505 | frontier=on
[21:47:17] upd 172/200 | 1.71s | steps=32768 | loss=0.0067 pi=-0.0015 v=0.0008 ent=3.2381 | frontier=on
[21:47:19] upd 173/200 | 1.71s | steps=32768 | loss=0.0062 pi=-0.0023 v=0.0006 ent=3.2548 | frontier=on
[21:47:21] upd 174/200 | 1.71s | steps=32768 | loss=0.0072 pi=-0.0014 v=0.0005 ent=3.2899 | frontier=on
[21:47:23] upd 175/200 | 1.71s | steps=32768 | loss=0.0063 pi=-0.0018 v=0.0007 ent=3.2878 | frontier=on
[21:47:24] upd 176/200 | 1.71s | steps=32768 | loss=0.0085 pi=-0.0001 v=0.0011 ent=3.2529 | frontier=on
[21:47:26] upd 177/200 | 1.71s | steps=32768 | loss=0.0071 pi=-0.0007 v=0.0010 ent=3.2440 | frontier=on
[21:47:28] upd 178/200 | 1.73s | steps=32768 | loss=0.0077 pi=-0.0003 v=0.0009 ent=3.2744 | frontier=on
[21:47:29] upd 179/200 | 1.72s | steps=32768 | loss=0.0063 pi=-0.0014 v=0.0007 ent=3.2323 | frontier=on
[21:47:31] upd 180/200 | 1.72s | steps=32768 | loss=0.0067 pi=-0.0014 v=0.0007 ent=3.2556 | frontier=on
[21:47:33] upd 181/200 | 1.71s | steps=32768 | loss=0.0067 pi=-0.0016 v=0.0006 ent=3.2829 | frontier=on
[21:47:35] upd 182/200 | 1.71s | steps=32768 | loss=0.0084 pi=0.0003 v=0.0010 ent=3.2498 | frontier=on
[21:47:36] upd 183/200 | 1.71s | steps=32768 | loss=0.0094 pi=0.0008 v=0.0011 ent=3.2959 | frontier=on
[21:47:38] upd 184/200 | 1.71s | steps=32768 | loss=0.0082 pi=-0.0009 v=0.0009 ent=3.2870 | frontier=on
[21:47:40] upd 185/200 | 1.71s | steps=32768 | loss=0.0060 pi=-0.0018 v=0.0007 ent=3.2555 | frontier=on
[21:47:41] upd 186/200 | 1.71s | steps=32768 | loss=0.0052 pi=-0.0026 v=0.0005 ent=3.2375 | frontier=on
[21:47:43] upd 187/200 | 1.71s | steps=32768 | loss=0.0066 pi=-0.0019 v=0.0006 ent=3.2845 | frontier=on
[21:47:45] upd 188/200 | 1.70s | steps=32768 | loss=0.0080 pi=-0.0011 v=0.0007 ent=3.2999 | frontier=on
[21:47:47] upd 189/200 | 1.71s | steps=32768 | loss=0.0068 pi=-0.0008 v=0.0008 ent=3.2467 | frontier=on
[21:47:48] upd 190/200 | 1.71s | steps=32768 | loss=0.0088 pi=-0.0003 v=0.0009 ent=3.2804 | frontier=on
[21:47:50] upd 191/200 | 1.71s | steps=32768 | loss=0.0086 pi=-0.0003 v=0.0009 ent=3.2861 | frontier=on
[21:47:52] upd 192/200 | 1.73s | steps=32768 | loss=0.0094 pi=0.0002 v=0.0010 ent=3.3047 | frontier=on
[21:47:53] upd 193/200 | 1.71s | steps=32768 | loss=0.0076 pi=-0.0011 v=0.0008 ent=3.2830 | frontier=on
[21:47:55] upd 194/200 | 1.71s | steps=32768 | loss=0.0068 pi=-0.0013 v=0.0007 ent=3.2514 | frontier=on
[21:47:57] upd 195/200 | 1.71s | steps=32768 | loss=0.0056 pi=-0.0025 v=0.0003 ent=3.2846 | frontier=on
[21:47:59] upd 196/200 | 1.71s | steps=32768 | loss=0.0087 pi=0.0005 v=0.0012 ent=3.2511 | frontier=on
[21:48:00] upd 197/200 | 1.70s | steps=32768 | loss=0.0094 pi=0.0003 v=0.0010 ent=3.2825 | frontier=on
[21:48:02] upd 198/200 | 1.71s | steps=32768 | loss=0.0098 pi=0.0011 v=0.0012 ent=3.2653 | frontier=on
[21:48:04] upd 199/200 | 1.71s | steps=32768 | loss=0.0078 pi=-0.0008 v=0.0007 ent=3.2998 | frontier=on
[21:48:05] upd 200/200 | 1.71s | steps=32768 | loss=0.0080 pi=-0.0006 v=0.0008 ent=3.2729 | frontier=on
[21:48:05] Wrote runs/ppo_small_il/train_metrics.csv
[21:48:06] Wrote summary.json: {'checkpoint': 'ckpt_200.pt', 'reveal_only': {'win_rate': 0.0, 'avg_steps': 3.953125, 'avg_progress': 0.0, 'invalid_rate': 0.0}, 'full': {'win_rate': 0.0, 'avg_steps': 144.46875, 'avg_progress': 0.0, 'invalid_rate': 0.0}}
