[22:25:26] upd 1/200 | 4.90s | steps=8192 | loss=0.9213 pi=0.7708 v=0.2408 ent=2.6680 | frontier=on
[22:25:27] upd 2/200 | 0.60s | steps=8192 | loss=0.4657 pi=0.4138 v=0.0830 ent=2.6729 | frontier=on
[22:25:27] upd 3/200 | 0.60s | steps=8192 | loss=0.1306 pi=0.1162 v=0.0174 ent=2.6847 | frontier=on
[22:25:28] upd 4/200 | 0.60s | steps=8192 | loss=-0.0262 pi=-0.0378 v=0.0136 ent=2.6836 | frontier=on
[22:25:28] upd 5/200 | 0.60s | steps=8192 | loss=0.0031 pi=-0.0058 v=0.0084 ent=2.6751 | frontier=on
[22:25:29] upd 6/200 | 0.59s | steps=8192 | loss=0.0016 pi=-0.0072 v=0.0117 ent=2.6639 | frontier=on
[22:25:29] upd 7/200 | 0.58s | steps=8192 | loss=0.0124 pi=0.0069 v=0.0077 ent=2.6453 | frontier=on
[22:25:30] upd 8/200 | 0.59s | steps=8192 | loss=-0.0095 pi=-0.0165 v=0.0120 ent=2.6064 | frontier=on
[22:25:31] upd 9/200 | 0.59s | steps=8192 | loss=0.0050 pi=-0.0016 v=0.0130 ent=2.5690 | frontier=on
[22:25:31] upd 10/200 | 0.60s | steps=8192 | loss=0.0034 pi=0.0004 v=0.0071 ent=2.5304 | frontier=on
[22:25:32] upd 11/200 | 0.60s | steps=8192 | loss=-0.0017 pi=-0.0061 v=0.0109 ent=2.4705 | frontier=on
[22:25:32] upd 12/200 | 0.59s | steps=8192 | loss=0.0090 pi=0.0051 v=0.0126 ent=2.4401 | frontier=on
[22:25:33] upd 13/200 | 0.59s | steps=8192 | loss=0.0230 pi=0.0193 v=0.0119 ent=2.3831 | frontier=on
[22:25:34] upd 14/200 | 0.59s | steps=8192 | loss=-0.0074 pi=-0.0083 v=0.0078 ent=2.3551 | frontier=on
[22:25:34] upd 15/200 | 0.59s | steps=8192 | loss=0.0040 pi=0.0009 v=0.0119 ent=2.3076 | frontier=on
[22:25:35] upd 16/200 | 0.61s | steps=8192 | loss=-0.0161 pi=-0.0199 v=0.0140 ent=2.2767 | frontier=on
[22:25:35] upd 17/200 | 0.60s | steps=8192 | loss=0.0001 pi=-0.0030 v=0.0134 ent=2.2384 | frontier=on
[22:25:36] upd 18/200 | 0.62s | steps=8192 | loss=0.0143 pi=0.0088 v=0.0179 ent=2.1838 | frontier=on
[22:25:37] upd 19/200 | 0.60s | steps=8192 | loss=0.0157 pi=0.0120 v=0.0143 ent=2.1530 | frontier=on
[22:25:37] upd 20/200 | 0.61s | steps=8192 | loss=-0.0020 pi=-0.0059 v=0.0152 ent=2.0916 | frontier=on
[22:25:38] upd 21/200 | 0.60s | steps=8192 | loss=-0.0030 pi=-0.0073 v=0.0153 ent=2.0467 | frontier=on
[22:25:39] upd 22/200 | 0.60s | steps=8192 | loss=0.0046 pi=0.0014 v=0.0129 ent=1.9914 | frontier=on
[22:25:39] upd 23/200 | 0.59s | steps=8192 | loss=0.0059 pi=0.0029 v=0.0133 ent=2.0199 | frontier=on
[22:25:40] upd 24/200 | 0.58s | steps=8192 | loss=-0.0014 pi=-0.0096 v=0.0232 ent=1.9799 | frontier=on
[22:25:40] upd 25/200 | 0.58s | steps=8192 | loss=0.0007 pi=-0.0042 v=0.0168 ent=1.9857 | frontier=on
[22:25:41] upd 26/200 | 0.58s | steps=8192 | loss=-0.0015 pi=-0.0107 v=0.0256 ent=1.9465 | frontier=on
[22:25:41] upd 27/200 | 0.58s | steps=8192 | loss=0.0167 pi=0.0086 v=0.0232 ent=1.9429 | frontier=on
[22:25:42] upd 28/200 | 0.57s | steps=8192 | loss=0.0325 pi=0.0263 v=0.0191 ent=1.8903 | frontier=on
[22:25:43] upd 29/200 | 0.58s | steps=8192 | loss=0.0218 pi=0.0164 v=0.0175 ent=1.8648 | frontier=on
[22:25:43] upd 30/200 | 0.57s | steps=8192 | loss=0.0043 pi=-0.0045 v=0.0241 ent=1.8386 | frontier=on
[22:25:44] upd 31/200 | 0.57s | steps=8192 | loss=0.0059 pi=-0.0030 v=0.0239 ent=1.7855 | frontier=on
[22:25:44] upd 32/200 | 0.60s | steps=8192 | loss=0.0201 pi=0.0047 v=0.0359 ent=1.7574 | frontier=on
[22:25:45] upd 33/200 | 0.59s | steps=8192 | loss=0.0315 pi=0.0226 v=0.0226 ent=1.7255 | frontier=on
[22:25:46] upd 34/200 | 0.58s | steps=8192 | loss=0.0002 pi=-0.0149 v=0.0342 ent=1.6777 | frontier=on
[22:25:46] upd 35/200 | 0.58s | steps=8192 | loss=-0.0070 pi=-0.0225 v=0.0353 ent=1.6857 | frontier=on
[22:25:47] upd 36/200 | 0.56s | steps=8192 | loss=0.0111 pi=-0.0066 v=0.0387 ent=1.6138 | frontier=on
[22:25:47] upd 37/200 | 0.57s | steps=8192 | loss=0.0228 pi=0.0061 v=0.0364 ent=1.6060 | frontier=on
[22:25:48] upd 38/200 | 0.59s | steps=8192 | loss=0.0307 pi=0.0134 v=0.0382 ent=1.5994 | frontier=on
[22:25:48] upd 39/200 | 0.57s | steps=8192 | loss=0.0189 pi=0.0041 v=0.0330 ent=1.6012 | frontier=on
[22:25:49] upd 40/200 | 0.56s | steps=8192 | loss=0.0078 pi=-0.0132 v=0.0454 ent=1.5696 | frontier=on
[22:25:50] upd 41/200 | 0.58s | steps=8192 | loss=0.0215 pi=0.0007 v=0.0450 ent=1.5544 | frontier=on
[22:25:50] upd 42/200 | 0.57s | steps=8192 | loss=0.0075 pi=-0.0123 v=0.0419 ent=1.4863 | frontier=on
[22:25:51] upd 43/200 | 0.57s | steps=8192 | loss=0.0150 pi=-0.0062 v=0.0448 ent=1.5045 | frontier=on
[22:25:51] upd 44/200 | 0.56s | steps=8192 | loss=0.0213 pi=-0.0051 v=0.0546 ent=1.4591 | frontier=on
[22:25:52] upd 45/200 | 0.56s | steps=8192 | loss=0.0250 pi=0.0042 v=0.0437 ent=1.4614 | frontier=on
[22:25:52] upd 46/200 | 0.56s | steps=8192 | loss=0.0394 pi=0.0094 v=0.0609 ent=1.3931 | frontier=on
[22:25:53] upd 47/200 | 0.56s | steps=8192 | loss=0.0162 pi=-0.0035 v=0.0398 ent=1.3969 | frontier=on
[22:25:53] upd 48/200 | 0.56s | steps=8192 | loss=-0.0188 pi=-0.0454 v=0.0540 ent=1.3854 | frontier=on
[22:25:54] upd 49/200 | 0.57s | steps=8192 | loss=0.0235 pi=-0.0103 v=0.0678 ent=1.3646 | frontier=on
[22:25:55] upd 50/200 | 0.56s | steps=8192 | loss=0.0785 pi=0.0530 v=0.0513 ent=1.3625 | frontier=on
[22:25:55] upd 51/200 | 0.57s | steps=8192 | loss=-0.0004 pi=-0.0340 v=0.0671 ent=1.3152 | frontier=on
[22:25:56] upd 52/200 | 0.56s | steps=8192 | loss=0.0304 pi=0.0014 v=0.0578 ent=1.3257 | frontier=on
[22:25:56] upd 53/200 | 0.56s | steps=8192 | loss=0.0486 pi=0.0151 v=0.0660 ent=1.2692 | frontier=on
[22:25:57] upd 54/200 | 0.56s | steps=8192 | loss=-0.0181 pi=-0.0474 v=0.0572 ent=1.2766 | frontier=on
[22:25:57] upd 55/200 | 0.56s | steps=8192 | loss=0.0229 pi=-0.0042 v=0.0535 ent=1.3111 | frontier=on
[22:25:58] upd 56/200 | 0.56s | steps=8192 | loss=-0.0068 pi=-0.0498 v=0.0850 ent=1.2733 | frontier=on
[22:25:59] upd 57/200 | 0.56s | steps=8192 | loss=0.0953 pi=0.0606 v=0.0691 ent=1.3031 | frontier=on
[22:25:59] upd 58/200 | 0.57s | steps=8192 | loss=0.0330 pi=-0.0092 v=0.0842 ent=1.3005 | frontier=on
[22:26:00] upd 59/200 | 0.56s | steps=8192 | loss=0.0705 pi=0.0420 v=0.0582 ent=1.3568 | frontier=on
[22:26:00] upd 60/200 | 0.56s | steps=8192 | loss=-0.0010 pi=-0.0372 v=0.0729 ent=1.3346 | frontier=on
[22:26:01] upd 61/200 | 0.55s | steps=8192 | loss=0.0748 pi=0.0405 v=0.0690 ent=1.3219 | frontier=on
[22:26:01] upd 62/200 | 0.56s | steps=8192 | loss=0.0363 pi=-0.0074 v=0.0867 ent=1.2650 | frontier=on
[22:26:02] upd 63/200 | 0.55s | steps=8192 | loss=0.0568 pi=0.0213 v=0.0710 ent=1.2915 | frontier=on
[22:26:02] upd 64/200 | 0.56s | steps=8192 | loss=0.0195 pi=-0.0196 v=0.0782 ent=1.2793 | frontier=on
[22:26:03] upd 65/200 | 0.56s | steps=8192 | loss=0.0194 pi=-0.0179 v=0.0735 ent=1.2415 | frontier=on
[22:26:04] upd 66/200 | 0.55s | steps=8192 | loss=0.0148 pi=-0.0275 v=0.0838 ent=1.2638 | frontier=on
[22:26:04] upd 67/200 | 0.55s | steps=8192 | loss=0.0696 pi=0.0260 v=0.0861 ent=1.2134 | frontier=on
[22:26:05] upd 68/200 | 0.55s | steps=8192 | loss=0.0923 pi=0.0469 v=0.0898 ent=1.2376 | frontier=on
[22:26:05] upd 69/200 | 0.55s | steps=8192 | loss=0.1006 pi=0.0602 v=0.0789 ent=1.1899 | frontier=on
[22:26:06] upd 70/200 | 0.55s | steps=8192 | loss=0.0228 pi=-0.0249 v=0.0936 ent=1.1853 | frontier=on
[22:26:06] upd 71/200 | 0.55s | steps=8192 | loss=0.0666 pi=0.0160 v=0.0986 ent=1.1409 | frontier=on
[22:26:07] upd 72/200 | 0.55s | steps=8192 | loss=0.0248 pi=-0.0179 v=0.0828 ent=1.1372 | frontier=on
[22:26:07] upd 73/200 | 0.58s | steps=8192 | loss=0.0467 pi=-0.0027 v=0.0967 ent=1.1166 | frontier=on
[22:26:08] upd 74/200 | 0.57s | steps=8192 | loss=0.0579 pi=0.0044 v=0.1041 ent=1.1147 | frontier=on
[22:26:09] upd 75/200 | 0.56s | steps=8192 | loss=0.0334 pi=-0.0159 v=0.0950 ent=1.0895 | frontier=on
[22:26:09] upd 76/200 | 0.55s | steps=8192 | loss=0.0776 pi=0.0288 v=0.0942 ent=1.0735 | frontier=on
[22:26:10] upd 77/200 | 0.54s | steps=8192 | loss=0.0371 pi=-0.0172 v=0.1054 ent=1.1056 | frontier=on
[22:26:10] upd 78/200 | 0.55s | steps=8192 | loss=0.0915 pi=0.0378 v=0.1045 ent=1.0860 | frontier=on
[22:26:11] upd 79/200 | 0.55s | steps=8192 | loss=0.0848 pi=0.0329 v=0.1008 ent=1.0981 | frontier=on
[22:26:11] upd 80/200 | 0.58s | steps=8192 | loss=0.0526 pi=-0.0060 v=0.1139 ent=1.0810 | frontier=on
[22:26:12] upd 81/200 | 0.56s | steps=8192 | loss=0.0583 pi=0.0041 v=0.1052 ent=1.0943 | frontier=on
[22:26:13] upd 82/200 | 0.56s | steps=8192 | loss=0.0873 pi=0.0317 v=0.1080 ent=1.0888 | frontier=on
[22:26:13] upd 83/200 | 0.58s | steps=8192 | loss=0.0010 pi=-0.0610 v=0.1201 ent=1.0836 | frontier=on
[22:26:14] upd 84/200 | 0.56s | steps=8192 | loss=0.0073 pi=-0.0530 v=0.1168 ent=1.0495 | frontier=on
[22:26:14] upd 85/200 | 0.56s | steps=8192 | loss=-0.0080 pi=-0.0644 v=0.1084 ent=1.0057 | frontier=on
[22:26:15] upd 86/200 | 0.55s | steps=8192 | loss=0.0779 pi=0.0191 v=0.1134 ent=1.0321 | frontier=on
[22:26:15] upd 87/200 | 0.57s | steps=8192 | loss=0.0555 pi=-0.0072 v=0.1213 ent=1.0243 | frontier=on
[22:26:16] upd 88/200 | 0.55s | steps=8192 | loss=0.1052 pi=0.0456 v=0.1153 ent=1.0427 | frontier=on
[22:26:16] upd 89/200 | 0.57s | steps=8192 | loss=0.0954 pi=0.0312 v=0.1241 ent=1.0159 | frontier=on
[22:26:17] upd 90/200 | 0.56s | steps=8192 | loss=0.0462 pi=-0.0237 v=0.1352 ent=0.9951 | frontier=on
[22:26:18] upd 91/200 | 0.57s | steps=8192 | loss=0.0871 pi=0.0229 v=0.1236 ent=0.9777 | frontier=on
[22:26:18] upd 92/200 | 0.57s | steps=8192 | loss=0.0157 pi=-0.0457 v=0.1179 ent=0.9781 | frontier=on
[22:26:19] upd 93/200 | 0.57s | steps=8192 | loss=0.0370 pi=-0.0284 v=0.1261 ent=0.9588 | frontier=on
[22:26:19] upd 94/200 | 0.57s | steps=8192 | loss=0.0733 pi=0.0080 v=0.1258 ent=0.9492 | frontier=on
[22:26:20] upd 95/200 | 0.57s | steps=8192 | loss=0.0460 pi=-0.0269 v=0.1403 ent=0.9506 | frontier=on
[22:26:20] upd 96/200 | 0.57s | steps=8192 | loss=0.1086 pi=0.0429 v=0.1259 ent=0.9474 | frontier=on
[22:26:21] upd 97/200 | 0.57s | steps=8192 | loss=0.0427 pi=-0.0251 v=0.1302 ent=0.9257 | frontier=on
[22:26:22] upd 98/200 | 0.57s | steps=8192 | loss=-0.0172 pi=-0.0938 v=0.1479 ent=0.9397 | frontier=on
[22:26:22] upd 99/200 | 0.57s | steps=8192 | loss=0.0941 pi=0.0284 v=0.1261 ent=0.9361 | frontier=on
[22:26:23] upd 100/200 | 0.57s | steps=8192 | loss=0.0746 pi=0.0072 v=0.1295 ent=0.9249 | frontier=on
[22:26:23] upd 101/200 | 0.57s | steps=8192 | loss=0.0296 pi=-0.0411 v=0.1361 ent=0.9357 | frontier=on
[22:26:24] upd 102/200 | 0.57s | steps=8192 | loss=-0.0032 pi=-0.0831 v=0.1544 ent=0.9123 | frontier=on
[22:26:24] upd 103/200 | 0.57s | steps=8192 | loss=0.0804 pi=0.0088 v=0.1375 ent=0.9150 | frontier=on
[22:26:25] upd 104/200 | 0.56s | steps=8192 | loss=0.0465 pi=-0.0232 v=0.1337 ent=0.9113 | frontier=on
[22:26:26] upd 105/200 | 0.56s | steps=8192 | loss=0.0573 pi=-0.0145 v=0.1382 ent=0.9105 | frontier=on
[22:26:26] upd 106/200 | 0.57s | steps=8192 | loss=0.0163 pi=-0.0555 v=0.1387 ent=0.9219 | frontier=on
[22:26:27] upd 107/200 | 0.58s | steps=8192 | loss=0.0410 pi=-0.0347 v=0.1460 ent=0.9091 | frontier=on
[22:26:27] upd 108/200 | 0.56s | steps=8192 | loss=0.0381 pi=-0.0302 v=0.1309 ent=0.9067 | frontier=on
[22:26:28] upd 109/200 | 0.57s | steps=8192 | loss=0.0312 pi=-0.0457 v=0.1476 ent=0.8850 | frontier=on
[22:26:28] upd 110/200 | 0.57s | steps=8192 | loss=0.0234 pi=-0.0500 v=0.1404 ent=0.8748 | frontier=on
[22:26:29] upd 111/200 | 0.56s | steps=8192 | loss=0.0800 pi=-0.0028 v=0.1600 ent=0.8642 | frontier=on
[22:26:30] upd 112/200 | 0.57s | steps=8192 | loss=0.0948 pi=0.0205 v=0.1426 ent=0.8467 | frontier=on
[22:26:30] upd 113/200 | 0.56s | steps=8192 | loss=0.0525 pi=-0.0296 v=0.1572 ent=0.8390 | frontier=on
[22:26:31] upd 114/200 | 0.55s | steps=8192 | loss=0.0700 pi=-0.0096 v=0.1523 ent=0.8405 | frontier=on
[22:26:31] upd 115/200 | 0.56s | steps=8192 | loss=0.0519 pi=-0.0326 v=0.1624 ent=0.8538 | frontier=on
[22:26:32] upd 116/200 | 0.56s | steps=8192 | loss=0.0532 pi=-0.0288 v=0.1567 ent=0.8315 | frontier=on
[22:26:32] upd 117/200 | 0.57s | steps=8192 | loss=0.0250 pi=-0.0639 v=0.1709 ent=0.8240 | frontier=on
[22:26:33] upd 118/200 | 0.59s | steps=8192 | loss=0.1142 pi=0.0321 v=0.1578 ent=0.8169 | frontier=on
[22:26:34] upd 119/200 | 0.56s | steps=8192 | loss=0.0562 pi=-0.0355 v=0.1762 ent=0.8076 | frontier=on
[22:26:34] upd 120/200 | 0.55s | steps=8192 | loss=0.0428 pi=-0.0483 v=0.1751 ent=0.7975 | frontier=on
[22:26:35] upd 121/200 | 0.55s | steps=8192 | loss=0.0827 pi=-0.0087 v=0.1762 ent=0.7934 | frontier=on
[22:26:35] upd 122/200 | 0.56s | steps=8192 | loss=0.0726 pi=-0.0199 v=0.1777 ent=0.7985 | frontier=on
[22:26:36] upd 123/200 | 0.56s | steps=8192 | loss=0.0706 pi=-0.0177 v=0.1693 ent=0.7824 | frontier=on
[22:26:36] upd 124/200 | 0.55s | steps=8192 | loss=0.0867 pi=-0.0014 v=0.1685 ent=0.8049 | frontier=on
[22:26:37] upd 125/200 | 0.55s | steps=8192 | loss=0.1092 pi=0.0185 v=0.1736 ent=0.7968 | frontier=on
[22:26:37] upd 126/200 | 0.55s | steps=8192 | loss=0.0928 pi=0.0017 v=0.1752 ent=0.8142 | frontier=on
[22:26:38] upd 127/200 | 0.55s | steps=8192 | loss=0.0626 pi=-0.0323 v=0.1825 ent=0.8123 | frontier=on
[22:26:38] upd 128/200 | 0.54s | steps=8192 | loss=0.1161 pi=0.0329 v=0.1591 ent=0.8060 | frontier=on
[22:26:39] upd 129/200 | 0.55s | steps=8192 | loss=0.0780 pi=-0.0134 v=0.1756 ent=0.8088 | frontier=on
[22:26:40] upd 130/200 | 0.55s | steps=8192 | loss=0.1415 pi=0.0469 v=0.1813 ent=0.7934 | frontier=on
[22:26:40] upd 131/200 | 0.55s | steps=8192 | loss=0.0538 pi=-0.0394 v=0.1792 ent=0.8031 | frontier=on
[22:26:41] upd 132/200 | 0.55s | steps=8192 | loss=0.0781 pi=-0.0163 v=0.1815 ent=0.7939 | frontier=on
[22:26:41] upd 133/200 | 0.54s | steps=8192 | loss=0.0902 pi=-0.0030 v=0.1790 ent=0.7917 | frontier=on
[22:26:42] upd 134/200 | 0.58s | steps=8192 | loss=0.0946 pi=0.0007 v=0.1803 ent=0.8003 | frontier=on
[22:26:42] upd 135/200 | 0.54s | steps=8192 | loss=0.0602 pi=-0.0452 v=0.2040 ent=0.7928 | frontier=on
[22:26:43] upd 136/200 | 0.55s | steps=8192 | loss=0.1550 pi=0.0612 v=0.1806 ent=0.7926 | frontier=on
[22:26:43] upd 137/200 | 0.57s | steps=8192 | loss=0.0832 pi=-0.0093 v=0.1771 ent=0.7977 | frontier=on
[22:26:44] upd 138/200 | 0.54s | steps=8192 | loss=0.0751 pi=-0.0266 v=0.1961 ent=0.7912 | frontier=on
[22:26:45] upd 139/200 | 0.53s | steps=8192 | loss=0.0950 pi=-0.0077 v=0.1980 ent=0.7992 | frontier=on
[22:26:45] upd 140/200 | 0.53s | steps=8192 | loss=0.1139 pi=0.0151 v=0.1901 ent=0.7869 | frontier=on
[22:26:46] upd 141/200 | 0.53s | steps=8192 | loss=0.1174 pi=0.0233 v=0.1810 ent=0.8057 | frontier=on
[22:26:46] upd 142/200 | 0.53s | steps=8192 | loss=0.0702 pi=-0.0275 v=0.1882 ent=0.8005 | frontier=on
[22:26:47] upd 143/200 | 0.53s | steps=8192 | loss=0.1102 pi=0.0103 v=0.1928 ent=0.7781 | frontier=on
[22:26:47] upd 144/200 | 0.53s | steps=8192 | loss=0.0997 pi=0.0015 v=0.1892 ent=0.7910 | frontier=on
[22:26:48] upd 145/200 | 0.53s | steps=8192 | loss=0.0800 pi=-0.0230 v=0.1985 ent=0.7812 | frontier=on
[22:26:48] upd 146/200 | 0.53s | steps=8192 | loss=0.0991 pi=-0.0056 v=0.2021 ent=0.7706 | frontier=on
[22:26:49] upd 147/200 | 0.53s | steps=8192 | loss=0.0968 pi=-0.0124 v=0.2108 ent=0.7627 | frontier=on
[22:26:49] upd 148/200 | 0.53s | steps=8192 | loss=0.1339 pi=0.0297 v=0.2012 ent=0.7655 | frontier=on
[22:26:50] upd 149/200 | 0.54s | steps=8192 | loss=0.1020 pi=0.0022 v=0.1920 ent=0.7661 | frontier=on
[22:26:50] upd 150/200 | 0.55s | steps=8192 | loss=0.1047 pi=0.0026 v=0.1969 ent=0.7664 | frontier=on
[22:26:51] upd 151/200 | 0.53s | steps=8192 | loss=0.1013 pi=0.0015 v=0.1918 ent=0.7552 | frontier=on
[22:26:52] upd 152/200 | 0.53s | steps=8192 | loss=0.0991 pi=-0.0002 v=0.1916 ent=0.7712 | frontier=on
[22:26:52] upd 153/200 | 0.53s | steps=8192 | loss=0.0943 pi=-0.0101 v=0.2013 ent=0.7564 | frontier=on
[22:26:53] upd 154/200 | 0.52s | steps=8192 | loss=0.0747 pi=-0.0291 v=0.2004 ent=0.7860 | frontier=on
[22:26:53] upd 155/200 | 0.53s | steps=8192 | loss=0.1233 pi=0.0274 v=0.1838 ent=0.7587 | frontier=on
[22:26:54] upd 156/200 | 0.53s | steps=8192 | loss=0.0854 pi=-0.0093 v=0.1821 ent=0.7701 | frontier=on
[22:26:54] upd 157/200 | 0.53s | steps=8192 | loss=0.0437 pi=-0.0674 v=0.2148 ent=0.7736 | frontier=on
[22:26:55] upd 158/200 | 0.55s | steps=8192 | loss=0.1056 pi=0.0048 v=0.1943 ent=0.7865 | frontier=on
[22:26:55] upd 159/200 | 0.53s | steps=8192 | loss=0.0859 pi=-0.0183 v=0.2010 ent=0.7870 | frontier=on
[22:26:56] upd 160/200 | 0.54s | steps=8192 | loss=0.1087 pi=0.0115 v=0.1872 ent=0.8005 | frontier=on
[22:26:56] upd 161/200 | 0.53s | steps=8192 | loss=0.0722 pi=-0.0362 v=0.2100 ent=0.7842 | frontier=on
[22:26:57] upd 162/200 | 0.53s | steps=8192 | loss=0.0824 pi=-0.0218 v=0.2012 ent=0.7880 | frontier=on
[22:26:57] upd 163/200 | 0.53s | steps=8192 | loss=0.0808 pi=-0.0262 v=0.2067 ent=0.7770 | frontier=on
[22:26:58] upd 164/200 | 0.53s | steps=8192 | loss=0.1089 pi=0.0088 v=0.1932 ent=0.7861 | frontier=on
[22:26:58] upd 165/200 | 0.53s | steps=8192 | loss=0.0801 pi=-0.0254 v=0.2044 ent=0.7849 | frontier=on
[22:26:59] upd 166/200 | 0.53s | steps=8192 | loss=0.1131 pi=0.0179 v=0.1830 ent=0.7823 | frontier=on
[22:26:59] upd 167/200 | 0.53s | steps=8192 | loss=0.0925 pi=-0.0044 v=0.1868 ent=0.7766 | frontier=on
[22:27:00] upd 168/200 | 0.53s | steps=8192 | loss=0.0684 pi=-0.0394 v=0.2088 ent=0.7758 | frontier=on
[22:27:01] upd 169/200 | 0.53s | steps=8192 | loss=0.1077 pi=0.0077 v=0.1927 ent=0.7794 | frontier=on
[22:27:01] upd 170/200 | 0.53s | steps=8192 | loss=0.0940 pi=-0.0155 v=0.2123 ent=0.7779 | frontier=on
[22:27:02] upd 171/200 | 0.53s | steps=8192 | loss=0.1058 pi=0.0046 v=0.1951 ent=0.7758 | frontier=on
[22:27:02] upd 172/200 | 0.53s | steps=8192 | loss=0.0818 pi=-0.0257 v=0.2079 ent=0.7819 | frontier=on
[22:27:03] upd 173/200 | 0.53s | steps=8192 | loss=0.1065 pi=-0.0056 v=0.2173 ent=0.7704 | frontier=on
[22:27:03] upd 174/200 | 0.53s | steps=8192 | loss=0.1108 pi=-0.0034 v=0.2217 ent=0.7768 | frontier=on
[22:27:04] upd 175/200 | 0.53s | steps=8192 | loss=0.1375 pi=0.0301 v=0.2078 ent=0.7699 | frontier=on
[22:27:04] upd 176/200 | 0.53s | steps=8192 | loss=0.0907 pi=-0.0145 v=0.2031 ent=0.7747 | frontier=on
[22:27:05] upd 177/200 | 0.52s | steps=8192 | loss=0.0815 pi=-0.0256 v=0.2072 ent=0.7850 | frontier=on
[22:27:05] upd 178/200 | 0.52s | steps=8192 | loss=0.1006 pi=-0.0117 v=0.2176 ent=0.7769 | frontier=on
[22:27:06] upd 179/200 | 0.53s | steps=8192 | loss=0.1309 pi=0.0204 v=0.2143 ent=0.7714 | frontier=on
[22:27:06] upd 180/200 | 0.52s | steps=8192 | loss=0.0867 pi=-0.0230 v=0.2119 ent=0.7758 | frontier=on
[22:27:07] upd 181/200 | 0.53s | steps=8192 | loss=0.1414 pi=0.0351 v=0.2053 ent=0.7641 | frontier=on
[22:27:07] upd 182/200 | 0.53s | steps=8192 | loss=0.1060 pi=0.0028 v=0.1988 ent=0.7589 | frontier=on
[22:27:08] upd 183/200 | 0.53s | steps=8192 | loss=0.0920 pi=-0.0118 v=0.2000 ent=0.7694 | frontier=on
[22:27:08] upd 184/200 | 0.53s | steps=8192 | loss=0.1012 pi=-0.0067 v=0.2089 ent=0.7849 | frontier=on
[22:27:09] upd 185/200 | 0.52s | steps=8192 | loss=0.1026 pi=-0.0064 v=0.2107 ent=0.7755 | frontier=on
[22:27:10] upd 186/200 | 0.53s | steps=8192 | loss=0.1417 pi=0.0429 v=0.1904 ent=0.7704 | frontier=on
[22:27:10] upd 187/200 | 0.53s | steps=8192 | loss=0.0619 pi=-0.0441 v=0.2050 ent=0.7872 | frontier=on
[22:27:11] upd 188/200 | 0.53s | steps=8192 | loss=0.0800 pi=-0.0334 v=0.2195 ent=0.7810 | frontier=on
[22:27:11] upd 189/200 | 0.52s | steps=8192 | loss=0.1569 pi=0.0556 v=0.1951 ent=0.7823 | frontier=on
[22:27:12] upd 190/200 | 0.53s | steps=8192 | loss=0.1043 pi=-0.0069 v=0.2155 ent=0.7838 | frontier=on
[22:27:12] upd 191/200 | 0.52s | steps=8192 | loss=0.0647 pi=-0.0546 v=0.2316 ent=0.7859 | frontier=on
[22:27:13] upd 192/200 | 0.52s | steps=8192 | loss=0.1603 pi=0.0605 v=0.1928 ent=0.7863 | frontier=on
[22:27:13] upd 193/200 | 0.52s | steps=8192 | loss=0.1082 pi=-0.0043 v=0.2179 ent=0.7769 | frontier=on
[22:27:14] upd 194/200 | 0.52s | steps=8192 | loss=0.1216 pi=0.0160 v=0.2040 ent=0.7850 | frontier=on
[22:27:14] upd 195/200 | 0.52s | steps=8192 | loss=0.1164 pi=0.0105 v=0.2047 ent=0.7780 | frontier=on
[22:27:15] upd 196/200 | 0.52s | steps=8192 | loss=0.1093 pi=-0.0012 v=0.2139 ent=0.7592 | frontier=on
[22:27:15] upd 197/200 | 0.53s | steps=8192 | loss=0.0947 pi=-0.0133 v=0.2084 ent=0.7818 | frontier=on
[22:27:16] upd 198/200 | 0.53s | steps=8192 | loss=0.1064 pi=0.0038 v=0.1980 ent=0.7865 | frontier=on
[22:27:16] upd 199/200 | 0.53s | steps=8192 | loss=0.1130 pi=0.0059 v=0.2074 ent=0.7792 | frontier=on
[22:27:17] upd 200/200 | 0.52s | steps=8192 | loss=0.0839 pi=-0.0304 v=0.2217 ent=0.7883 | frontier=on
[22:27:17] Wrote runs/ppo_tiny_scratch/train_metrics.csv
[22:27:18] Wrote summary.json: {'checkpoint': 'ckpt_200.pt', 'reveal_only': {'win_rate': 0.140625, 'avg_steps': 5.515625, 'avg_progress': 0.0, 'invalid_rate': 0.0}, 'full': {'win_rate': 0.046875, 'avg_steps': 187.21875, 'avg_progress': 0.0, 'invalid_rate': 0.0}}
