[22:09:53] Loaded init checkpoint from runs/il_tiny/il_final.pt
[22:09:59] upd 1/200 | 4.86s | steps=8192 | loss=0.8601 pi=0.7442 v=0.2201 ent=1.3922 | frontier=on
[22:09:59] upd 2/200 | 0.58s | steps=8192 | loss=0.3439 pi=0.3059 v=0.0686 ent=1.4696 | frontier=on
[22:10:00] upd 3/200 | 0.58s | steps=8192 | loss=0.1777 pi=0.1640 v=0.0228 ent=1.5600 | frontier=on
[22:10:00] upd 4/200 | 0.58s | steps=8192 | loss=-0.0010 pi=-0.0108 v=0.0176 ent=1.6196 | frontier=on
[22:10:01] upd 5/200 | 0.57s | steps=8192 | loss=0.0102 pi=0.0018 v=0.0171 ent=1.6471 | frontier=on
[22:10:01] upd 6/200 | 0.56s | steps=8192 | loss=-0.0168 pi=-0.0295 v=0.0267 ent=1.6541 | frontier=on
[22:10:02] upd 7/200 | 0.56s | steps=8192 | loss=0.0001 pi=-0.0094 v=0.0211 ent=1.6497 | frontier=on
[22:10:03] upd 8/200 | 0.55s | steps=8192 | loss=-0.0001 pi=-0.0155 v=0.0332 ent=1.6268 | frontier=on
[22:10:03] upd 9/200 | 0.55s | steps=8192 | loss=-0.0050 pi=-0.0262 v=0.0451 ent=1.6048 | frontier=on
[22:10:04] upd 10/200 | 0.55s | steps=8192 | loss=0.0076 pi=-0.0165 v=0.0508 ent=1.5701 | frontier=on
[22:10:04] upd 11/200 | 0.55s | steps=8192 | loss=0.0051 pi=-0.0264 v=0.0656 ent=1.5453 | frontier=on
[22:10:05] upd 12/200 | 0.55s | steps=8192 | loss=0.0038 pi=-0.0393 v=0.0879 ent=1.4521 | frontier=on
[22:10:05] upd 13/200 | 0.54s | steps=8192 | loss=0.0070 pi=-0.0373 v=0.0896 ent=1.4108 | frontier=on
[22:10:06] upd 14/200 | 0.54s | steps=8192 | loss=0.0053 pi=-0.0416 v=0.0945 ent=1.3697 | frontier=on
[22:10:06] upd 15/200 | 0.54s | steps=8192 | loss=0.0250 pi=-0.0256 v=0.1017 ent=1.3656 | frontier=on
[22:10:07] upd 16/200 | 0.53s | steps=8192 | loss=0.0375 pi=-0.0177 v=0.1104 ent=1.3295 | frontier=on
[22:10:07] upd 17/200 | 0.53s | steps=8192 | loss=0.0208 pi=-0.0445 v=0.1310 ent=1.2939 | frontier=on
[22:10:08] upd 18/200 | 0.53s | steps=8192 | loss=0.0162 pi=-0.0616 v=0.1553 ent=1.2766 | frontier=on
[22:10:09] upd 19/200 | 0.56s | steps=8192 | loss=0.0579 pi=-0.0097 v=0.1336 ent=1.2392 | frontier=on
[22:10:09] upd 20/200 | 0.55s | steps=8192 | loss=0.0425 pi=-0.0333 v=0.1497 ent=1.2122 | frontier=on
[22:10:10] upd 21/200 | 0.53s | steps=8192 | loss=0.0536 pi=-0.0281 v=0.1616 ent=1.2008 | frontier=on
[22:10:10] upd 22/200 | 0.53s | steps=8192 | loss=0.0501 pi=-0.0413 v=0.1807 ent=1.1759 | frontier=on
[22:10:11] upd 23/200 | 0.53s | steps=8192 | loss=0.0437 pi=-0.0557 v=0.1967 ent=1.1466 | frontier=on
[22:10:11] upd 24/200 | 0.53s | steps=8192 | loss=0.0514 pi=-0.0498 v=0.2001 ent=1.1449 | frontier=on
[22:10:12] upd 25/200 | 0.53s | steps=8192 | loss=0.0538 pi=-0.0489 v=0.2026 ent=1.1356 | frontier=on
[22:10:12] upd 26/200 | 0.53s | steps=8192 | loss=0.0743 pi=-0.0246 v=0.1945 ent=1.1239 | frontier=on
[22:10:13] upd 27/200 | 0.53s | steps=8192 | loss=0.0634 pi=-0.0451 v=0.2138 ent=1.0892 | frontier=on
[22:10:13] upd 28/200 | 0.57s | steps=8192 | loss=0.0839 pi=-0.0248 v=0.2135 ent=1.0645 | frontier=on
[22:10:14] upd 29/200 | 0.53s | steps=8192 | loss=0.0761 pi=-0.0405 v=0.2288 ent=1.0482 | frontier=on
[22:10:14] upd 30/200 | 0.53s | steps=8192 | loss=0.0901 pi=-0.0260 v=0.2277 ent=1.0166 | frontier=on
[22:10:15] upd 31/200 | 0.53s | steps=8192 | loss=0.1010 pi=-0.0173 v=0.2313 ent=1.0034 | frontier=on
[22:10:15] upd 32/200 | 0.52s | steps=8192 | loss=0.0739 pi=-0.0547 v=0.2521 ent=0.9941 | frontier=on
[22:10:16] upd 33/200 | 0.52s | steps=8192 | loss=0.1552 pi=0.0310 v=0.2426 ent=0.9806 | frontier=on
[22:10:17] upd 34/200 | 0.54s | steps=8192 | loss=0.0630 pi=-0.0673 v=0.2547 ent=0.9560 | frontier=on
[22:10:17] upd 35/200 | 0.52s | steps=8192 | loss=0.0904 pi=-0.0415 v=0.2582 ent=0.9661 | frontier=on
[22:10:18] upd 36/200 | 0.52s | steps=8192 | loss=0.0765 pi=-0.0624 v=0.2727 ent=0.9733 | frontier=on
[22:10:18] upd 37/200 | 0.52s | steps=8192 | loss=0.1335 pi=0.0018 v=0.2571 ent=0.9535 | frontier=on
[22:10:19] upd 38/200 | 0.52s | steps=8192 | loss=0.0471 pi=-0.0943 v=0.2769 ent=0.9438 | frontier=on
[22:10:19] upd 39/200 | 0.52s | steps=8192 | loss=0.1148 pi=-0.0291 v=0.2810 ent=0.8984 | frontier=on
[22:10:20] upd 40/200 | 0.52s | steps=8192 | loss=0.1383 pi=-0.0066 v=0.2836 ent=0.8977 | frontier=on
[22:10:20] upd 41/200 | 0.52s | steps=8192 | loss=0.1435 pi=-0.0005 v=0.2807 ent=0.9261 | frontier=on
[22:10:21] upd 42/200 | 0.52s | steps=8192 | loss=0.1299 pi=-0.0136 v=0.2800 ent=0.9049 | frontier=on
[22:10:21] upd 43/200 | 0.52s | steps=8192 | loss=0.1251 pi=-0.0188 v=0.2806 ent=0.8961 | frontier=on
[22:10:22] upd 44/200 | 0.52s | steps=8192 | loss=0.1166 pi=-0.0283 v=0.2825 ent=0.8953 | frontier=on
[22:10:22] upd 45/200 | 0.51s | steps=8192 | loss=0.0719 pi=-0.0793 v=0.2947 ent=0.8633 | frontier=on
[22:10:23] upd 46/200 | 0.51s | steps=8192 | loss=0.1447 pi=-0.0086 v=0.2990 ent=0.8353 | frontier=on
[22:10:23] upd 47/200 | 0.51s | steps=8192 | loss=0.1353 pi=-0.0171 v=0.2972 ent=0.8352 | frontier=on
[22:10:24] upd 48/200 | 0.52s | steps=8192 | loss=0.1019 pi=-0.0545 v=0.3043 ent=0.8139 | frontier=on
[22:10:24] upd 49/200 | 0.51s | steps=8192 | loss=0.0961 pi=-0.0603 v=0.3046 ent=0.8121 | frontier=on
[22:10:25] upd 50/200 | 0.51s | steps=8192 | loss=0.1840 pi=0.0251 v=0.3092 ent=0.7918 | frontier=on
[22:10:25] upd 51/200 | 0.51s | steps=8192 | loss=0.1029 pi=-0.0598 v=0.3165 ent=0.7734 | frontier=on
[22:10:26] upd 52/200 | 0.51s | steps=8192 | loss=0.1817 pi=0.0239 v=0.3063 ent=0.7744 | frontier=on
[22:10:26] upd 53/200 | 0.51s | steps=8192 | loss=0.1240 pi=-0.0357 v=0.3101 ent=0.7639 | frontier=on
[22:10:27] upd 54/200 | 0.52s | steps=8192 | loss=0.1674 pi=0.0074 v=0.3110 ent=0.7530 | frontier=on
[22:10:27] upd 55/200 | 0.51s | steps=8192 | loss=0.1347 pi=-0.0250 v=0.3101 ent=0.7293 | frontier=on
[22:10:28] upd 56/200 | 0.51s | steps=8192 | loss=0.1130 pi=-0.0474 v=0.3112 ent=0.7318 | frontier=on
[22:10:28] upd 57/200 | 0.51s | steps=8192 | loss=0.1194 pi=-0.0426 v=0.3142 ent=0.7317 | frontier=on
[22:10:29] upd 58/200 | 0.52s | steps=8192 | loss=0.1247 pi=-0.0417 v=0.3234 ent=0.7071 | frontier=on
[22:10:30] upd 59/200 | 0.51s | steps=8192 | loss=0.1552 pi=-0.0119 v=0.3240 ent=0.7098 | frontier=on
[22:10:30] upd 60/200 | 0.51s | steps=8192 | loss=0.1748 pi=0.0094 v=0.3207 ent=0.7054 | frontier=on
[22:10:31] upd 61/200 | 0.51s | steps=8192 | loss=0.2281 pi=0.0636 v=0.3190 ent=0.6927 | frontier=on
[22:10:31] upd 62/200 | 0.52s | steps=8192 | loss=0.0879 pi=-0.0737 v=0.3129 ent=0.6948 | frontier=on
[22:10:32] upd 63/200 | 0.51s | steps=8192 | loss=0.1658 pi=-0.0034 v=0.3285 ent=0.6871 | frontier=on
[22:10:32] upd 64/200 | 0.51s | steps=8192 | loss=0.1298 pi=-0.0398 v=0.3296 ent=0.6947 | frontier=on
[22:10:33] upd 65/200 | 0.51s | steps=8192 | loss=0.1436 pi=-0.0192 v=0.3163 ent=0.6877 | frontier=on
[22:10:33] upd 66/200 | 0.51s | steps=8192 | loss=0.1726 pi=0.0094 v=0.3166 ent=0.6961 | frontier=on
[22:10:34] upd 67/200 | 0.51s | steps=8192 | loss=0.2125 pi=0.0486 v=0.3176 ent=0.6862 | frontier=on
[22:10:34] upd 68/200 | 0.51s | steps=8192 | loss=0.1285 pi=-0.0390 v=0.3255 ent=0.6783 | frontier=on
[22:10:35] upd 69/200 | 0.51s | steps=8192 | loss=0.1285 pi=-0.0345 v=0.3165 ent=0.6867 | frontier=on
[22:10:35] upd 70/200 | 0.51s | steps=8192 | loss=0.1284 pi=-0.0364 v=0.3200 ent=0.6713 | frontier=on
[22:10:36] upd 71/200 | 0.54s | steps=8192 | loss=0.1457 pi=-0.0232 v=0.3278 ent=0.6793 | frontier=on
[22:10:36] upd 72/200 | 0.52s | steps=8192 | loss=0.1546 pi=-0.0086 v=0.3168 ent=0.6762 | frontier=on
[22:10:37] upd 73/200 | 0.52s | steps=8192 | loss=0.1163 pi=-0.0482 v=0.3195 ent=0.6694 | frontier=on
[22:10:37] upd 74/200 | 0.52s | steps=8192 | loss=0.1461 pi=-0.0244 v=0.3315 ent=0.6538 | frontier=on
[22:10:38] upd 75/200 | 0.51s | steps=8192 | loss=0.1418 pi=-0.0256 v=0.3250 ent=0.6584 | frontier=on
[22:10:38] upd 76/200 | 0.51s | steps=8192 | loss=0.1814 pi=0.0154 v=0.3222 ent=0.6533 | frontier=on
[22:10:39] upd 77/200 | 0.52s | steps=8192 | loss=0.1510 pi=-0.0135 v=0.3186 ent=0.6476 | frontier=on
[22:10:39] upd 78/200 | 0.52s | steps=8192 | loss=0.1399 pi=-0.0286 v=0.3267 ent=0.6430 | frontier=on
[22:10:40] upd 79/200 | 0.51s | steps=8192 | loss=0.2073 pi=0.0392 v=0.3258 ent=0.6340 | frontier=on
[22:10:40] upd 80/200 | 0.51s | steps=8192 | loss=0.1374 pi=-0.0282 v=0.3205 ent=0.6405 | frontier=on
[22:10:41] upd 81/200 | 0.51s | steps=8192 | loss=0.1576 pi=-0.0121 v=0.3294 ent=0.6350 | frontier=on
[22:10:41] upd 82/200 | 0.51s | steps=8192 | loss=0.1411 pi=-0.0266 v=0.3249 ent=0.6325 | frontier=on
[22:10:42] upd 83/200 | 0.51s | steps=8192 | loss=0.1266 pi=-0.0387 v=0.3206 ent=0.6351 | frontier=on
[22:10:42] upd 84/200 | 0.52s | steps=8192 | loss=0.1458 pi=-0.0221 v=0.3264 ent=0.6425 | frontier=on
[22:10:43] upd 85/200 | 0.53s | steps=8192 | loss=0.1420 pi=-0.0217 v=0.3176 ent=0.6335 | frontier=on
[22:10:43] upd 86/200 | 0.52s | steps=8192 | loss=0.1553 pi=-0.0100 v=0.3210 ent=0.6371 | frontier=on
[22:10:44] upd 87/200 | 0.51s | steps=8192 | loss=0.1522 pi=-0.0130 v=0.3202 ent=0.6203 | frontier=on
[22:10:44] upd 88/200 | 0.52s | steps=8192 | loss=0.1871 pi=0.0234 v=0.3166 ent=0.6265 | frontier=on
[22:10:45] upd 89/200 | 0.51s | steps=8192 | loss=0.1016 pi=-0.0640 v=0.3211 ent=0.6332 | frontier=on
[22:10:45] upd 90/200 | 0.51s | steps=8192 | loss=0.0920 pi=-0.0722 v=0.3185 ent=0.6139 | frontier=on
[22:10:46] upd 91/200 | 0.51s | steps=8192 | loss=0.1615 pi=-0.0027 v=0.3175 ent=0.6308 | frontier=on
[22:10:47] upd 92/200 | 0.51s | steps=8192 | loss=0.2059 pi=0.0386 v=0.3245 ent=0.6121 | frontier=on
[22:10:47] upd 93/200 | 0.51s | steps=8192 | loss=0.0585 pi=-0.1023 v=0.3117 ent=0.6177 | frontier=on
[22:10:48] upd 94/200 | 0.51s | steps=8192 | loss=0.1554 pi=-0.0099 v=0.3204 ent=0.6169 | frontier=on
[22:10:48] upd 95/200 | 0.51s | steps=8192 | loss=0.1521 pi=-0.0122 v=0.3183 ent=0.6156 | frontier=on
[22:10:49] upd 96/200 | 0.50s | steps=8192 | loss=0.1824 pi=0.0186 v=0.3172 ent=0.6122 | frontier=on
[22:10:49] upd 97/200 | 0.51s | steps=8192 | loss=0.1684 pi=0.0015 v=0.3239 ent=0.6225 | frontier=on
[22:10:50] upd 98/200 | 0.51s | steps=8192 | loss=0.1868 pi=0.0179 v=0.3271 ent=0.6132 | frontier=on
[22:10:50] upd 99/200 | 0.51s | steps=8192 | loss=0.1358 pi=-0.0262 v=0.3141 ent=0.6134 | frontier=on
[22:10:51] upd 100/200 | 0.51s | steps=8192 | loss=0.1156 pi=-0.0440 v=0.3088 ent=0.6000 | frontier=on
[22:10:51] upd 101/200 | 0.51s | steps=8192 | loss=0.1375 pi=-0.0234 v=0.3115 ent=0.6023 | frontier=on
[22:10:52] upd 102/200 | 0.50s | steps=8192 | loss=0.1482 pi=-0.0130 v=0.3118 ent=0.6040 | frontier=on
[22:10:52] upd 103/200 | 0.51s | steps=8192 | loss=0.1589 pi=-0.0057 v=0.3193 ent=0.6088 | frontier=on
[22:10:53] upd 104/200 | 0.51s | steps=8192 | loss=0.2247 pi=0.0592 v=0.3210 ent=0.6165 | frontier=on
[22:10:53] upd 105/200 | 0.52s | steps=8192 | loss=0.1786 pi=0.0140 v=0.3191 ent=0.5923 | frontier=on
[22:10:54] upd 106/200 | 0.51s | steps=8192 | loss=0.0973 pi=-0.0620 v=0.3085 ent=0.6021 | frontier=on
[22:10:54] upd 107/200 | 0.51s | steps=8192 | loss=0.2030 pi=0.0371 v=0.3214 ent=0.6066 | frontier=on
[22:10:55] upd 108/200 | 0.52s | steps=8192 | loss=0.2094 pi=0.0463 v=0.3154 ent=0.5948 | frontier=on
[22:10:55] upd 109/200 | 0.51s | steps=8192 | loss=0.1457 pi=-0.0183 v=0.3174 ent=0.5913 | frontier=on
[22:10:56] upd 110/200 | 0.52s | steps=8192 | loss=0.1311 pi=-0.0309 v=0.3135 ent=0.6059 | frontier=on
[22:10:56] upd 111/200 | 0.52s | steps=8192 | loss=0.1405 pi=-0.0189 v=0.3085 ent=0.5918 | frontier=on
[22:10:57] upd 112/200 | 0.52s | steps=8192 | loss=0.1627 pi=0.0019 v=0.3115 ent=0.5964 | frontier=on
[22:10:57] upd 113/200 | 0.51s | steps=8192 | loss=0.1571 pi=-0.0009 v=0.3056 ent=0.5922 | frontier=on
[22:10:58] upd 114/200 | 0.51s | steps=8192 | loss=0.2315 pi=0.0681 v=0.3163 ent=0.5914 | frontier=on
[22:10:58] upd 115/200 | 0.51s | steps=8192 | loss=0.1068 pi=-0.0482 v=0.3002 ent=0.6018 | frontier=on
[22:10:59] upd 116/200 | 0.50s | steps=8192 | loss=0.1062 pi=-0.0539 v=0.3100 ent=0.5941 | frontier=on
[22:10:59] upd 117/200 | 0.51s | steps=8192 | loss=0.1233 pi=-0.0351 v=0.3069 ent=0.5814 | frontier=on
[22:11:00] upd 118/200 | 0.51s | steps=8192 | loss=0.2482 pi=0.0841 v=0.3186 ent=0.5844 | frontier=on
[22:11:00] upd 119/200 | 0.51s | steps=8192 | loss=0.1949 pi=0.0347 v=0.3105 ent=0.5879 | frontier=on
[22:11:01] upd 120/200 | 0.50s | steps=8192 | loss=0.0949 pi=-0.0614 v=0.3025 ent=0.5745 | frontier=on
[22:11:01] upd 121/200 | 0.50s | steps=8192 | loss=0.1410 pi=-0.0159 v=0.3033 ent=0.5813 | frontier=on
[22:11:02] upd 122/200 | 0.50s | steps=8192 | loss=0.1476 pi=-0.0080 v=0.3008 ent=0.5865 | frontier=on
[22:11:02] upd 123/200 | 0.51s | steps=8192 | loss=0.1967 pi=0.0359 v=0.3113 ent=0.5830 | frontier=on
[22:11:03] upd 124/200 | 0.50s | steps=8192 | loss=0.1351 pi=-0.0193 v=0.2987 ent=0.5750 | frontier=on
[22:11:03] upd 125/200 | 0.51s | steps=8192 | loss=0.1798 pi=0.0216 v=0.3066 ent=0.5765 | frontier=on
[22:11:04] upd 126/200 | 0.50s | steps=8192 | loss=0.1198 pi=-0.0339 v=0.2974 ent=0.5776 | frontier=on
[22:11:04] upd 127/200 | 0.51s | steps=8192 | loss=0.1437 pi=-0.0127 v=0.3026 ent=0.5876 | frontier=on
[22:11:05] upd 128/200 | 0.51s | steps=8192 | loss=0.1407 pi=-0.0162 v=0.3036 ent=0.5786 | frontier=on
[22:11:05] upd 129/200 | 0.50s | steps=8192 | loss=0.1228 pi=-0.0323 v=0.3002 ent=0.5760 | frontier=on
[22:11:06] upd 130/200 | 0.51s | steps=8192 | loss=0.1908 pi=0.0335 v=0.3040 ent=0.5726 | frontier=on
[22:11:06] upd 131/200 | 0.50s | steps=8192 | loss=0.2064 pi=0.0451 v=0.3126 ent=0.5718 | frontier=on
[22:11:07] upd 132/200 | 0.50s | steps=8192 | loss=0.1311 pi=-0.0260 v=0.3043 ent=0.5762 | frontier=on
[22:11:07] upd 133/200 | 0.51s | steps=8192 | loss=0.1437 pi=-0.0127 v=0.3021 ent=0.5724 | frontier=on
[22:11:08] upd 134/200 | 0.50s | steps=8192 | loss=0.1272 pi=-0.0242 v=0.2929 ent=0.5662 | frontier=on
[22:11:08] upd 135/200 | 0.50s | steps=8192 | loss=0.1261 pi=-0.0251 v=0.2926 ent=0.5726 | frontier=on
[22:11:09] upd 136/200 | 0.51s | steps=8192 | loss=0.1630 pi=0.0055 v=0.3046 ent=0.5553 | frontier=on
[22:11:09] upd 137/200 | 0.50s | steps=8192 | loss=0.1765 pi=0.0195 v=0.3032 ent=0.5600 | frontier=on
[22:11:10] upd 138/200 | 0.50s | steps=8192 | loss=0.1203 pi=-0.0338 v=0.2986 ent=0.5628 | frontier=on
[22:11:10] upd 139/200 | 0.51s | steps=8192 | loss=0.2154 pi=0.0541 v=0.3122 ent=0.5588 | frontier=on
[22:11:11] upd 140/200 | 0.51s | steps=8192 | loss=0.0807 pi=-0.0700 v=0.2913 ent=0.5490 | frontier=on
[22:11:12] upd 141/200 | 0.51s | steps=8192 | loss=0.1563 pi=0.0021 v=0.2980 ent=0.5638 | frontier=on
[22:11:12] upd 142/200 | 0.50s | steps=8192 | loss=0.1558 pi=0.0030 v=0.2955 ent=0.5621 | frontier=on
[22:11:13] upd 143/200 | 0.50s | steps=8192 | loss=0.1395 pi=-0.0130 v=0.2951 ent=0.5669 | frontier=on
[22:11:13] upd 144/200 | 0.50s | steps=8192 | loss=0.1549 pi=-0.0008 v=0.3006 ent=0.5579 | frontier=on
[22:11:14] upd 145/200 | 0.50s | steps=8192 | loss=0.1733 pi=0.0154 v=0.3056 ent=0.5731 | frontier=on
[22:11:14] upd 146/200 | 0.50s | steps=8192 | loss=0.1675 pi=0.0134 v=0.2978 ent=0.5628 | frontier=on
[22:11:15] upd 147/200 | 0.50s | steps=8192 | loss=0.1201 pi=-0.0312 v=0.2924 ent=0.5693 | frontier=on
[22:11:15] upd 148/200 | 0.50s | steps=8192 | loss=0.1194 pi=-0.0316 v=0.2920 ent=0.5586 | frontier=on
[22:11:16] upd 149/200 | 0.50s | steps=8192 | loss=0.1747 pi=0.0203 v=0.2988 ent=0.5634 | frontier=on
[22:11:16] upd 150/200 | 0.50s | steps=8192 | loss=0.1332 pi=-0.0211 v=0.2980 ent=0.5596 | frontier=on
[22:11:17] upd 151/200 | 0.50s | steps=8192 | loss=0.1202 pi=-0.0280 v=0.2864 ent=0.5562 | frontier=on
[22:11:17] upd 152/200 | 0.51s | steps=8192 | loss=0.1948 pi=0.0376 v=0.3044 ent=0.5557 | frontier=on
[22:11:18] upd 153/200 | 0.50s | steps=8192 | loss=0.1029 pi=-0.0453 v=0.2863 ent=0.5614 | frontier=on
[22:11:18] upd 154/200 | 0.51s | steps=8192 | loss=0.1459 pi=-0.0075 v=0.2964 ent=0.5619 | frontier=on
[22:11:19] upd 155/200 | 0.50s | steps=8192 | loss=0.1392 pi=-0.0141 v=0.2965 ent=0.5674 | frontier=on
[22:11:19] upd 156/200 | 0.50s | steps=8192 | loss=0.1459 pi=-0.0034 v=0.2889 ent=0.5552 | frontier=on
[22:11:20] upd 157/200 | 0.50s | steps=8192 | loss=0.2182 pi=0.0610 v=0.3042 ent=0.5640 | frontier=on
[22:11:20] upd 158/200 | 0.50s | steps=8192 | loss=0.0871 pi=-0.0614 v=0.2867 ent=0.5661 | frontier=on
[22:11:21] upd 159/200 | 0.50s | steps=8192 | loss=0.1666 pi=0.0115 v=0.2996 ent=0.5489 | frontier=on
[22:11:21] upd 160/200 | 0.50s | steps=8192 | loss=0.0920 pi=-0.0516 v=0.2773 ent=0.5563 | frontier=on
[22:11:22] upd 161/200 | 0.51s | steps=8192 | loss=0.1979 pi=0.0430 v=0.2991 ent=0.5613 | frontier=on
[22:11:22] upd 162/200 | 0.50s | steps=8192 | loss=0.1617 pi=0.0093 v=0.2949 ent=0.5550 | frontier=on
[22:11:23] upd 163/200 | 0.50s | steps=8192 | loss=0.1456 pi=-0.0037 v=0.2884 ent=0.5620 | frontier=on
[22:11:23] upd 164/200 | 0.50s | steps=8192 | loss=0.1262 pi=-0.0227 v=0.2875 ent=0.5539 | frontier=on
[22:11:24] upd 165/200 | 0.50s | steps=8192 | loss=0.1568 pi=0.0041 v=0.2951 ent=0.5615 | frontier=on
[22:11:24] upd 166/200 | 0.50s | steps=8192 | loss=0.1643 pi=0.0137 v=0.2912 ent=0.5414 | frontier=on
[22:11:25] upd 167/200 | 0.50s | steps=8192 | loss=0.0558 pi=-0.0874 v=0.2765 ent=0.5519 | frontier=on
[22:11:25] upd 168/200 | 0.50s | steps=8192 | loss=0.2388 pi=0.0835 v=0.3004 ent=0.5510 | frontier=on
[22:11:26] upd 169/200 | 0.50s | steps=8192 | loss=0.1580 pi=0.0062 v=0.2937 ent=0.5452 | frontier=on
[22:11:26] upd 170/200 | 0.50s | steps=8192 | loss=0.1409 pi=-0.0110 v=0.2935 ent=0.5466 | frontier=on
[22:11:27] upd 171/200 | 0.51s | steps=8192 | loss=0.0885 pi=-0.0577 v=0.2822 ent=0.5437 | frontier=on
[22:11:27] upd 172/200 | 0.50s | steps=8192 | loss=0.1482 pi=0.0025 v=0.2812 ent=0.5411 | frontier=on
[22:11:28] upd 173/200 | 0.50s | steps=8192 | loss=0.1586 pi=0.0093 v=0.2885 ent=0.5463 | frontier=on
[22:11:28] upd 174/200 | 0.50s | steps=8192 | loss=0.1632 pi=0.0132 v=0.2893 ent=0.5367 | frontier=on
[22:11:29] upd 175/200 | 0.50s | steps=8192 | loss=0.1377 pi=-0.0076 v=0.2798 ent=0.5451 | frontier=on
[22:11:29] upd 176/200 | 0.50s | steps=8192 | loss=0.1388 pi=-0.0114 v=0.2897 ent=0.5406 | frontier=on
[22:11:30] upd 177/200 | 0.50s | steps=8192 | loss=0.1341 pi=-0.0103 v=0.2786 ent=0.5425 | frontier=on
[22:11:30] upd 178/200 | 0.50s | steps=8192 | loss=0.1471 pi=-0.0006 v=0.2849 ent=0.5431 | frontier=on
[22:11:31] upd 179/200 | 0.50s | steps=8192 | loss=0.1672 pi=0.0189 v=0.2864 ent=0.5451 | frontier=on
[22:11:31] upd 180/200 | 0.50s | steps=8192 | loss=0.1192 pi=-0.0284 v=0.2848 ent=0.5505 | frontier=on
[22:11:32] upd 181/200 | 0.50s | steps=8192 | loss=0.1893 pi=0.0367 v=0.2948 ent=0.5543 | frontier=on
[22:11:32] upd 182/200 | 0.50s | steps=8192 | loss=0.1269 pi=-0.0199 v=0.2834 ent=0.5574 | frontier=on
[22:11:33] upd 183/200 | 0.51s | steps=8192 | loss=0.1698 pi=0.0184 v=0.2925 ent=0.5455 | frontier=on
[22:11:33] upd 184/200 | 0.50s | steps=8192 | loss=0.1530 pi=-0.0006 v=0.2965 ent=0.5536 | frontier=on
[22:11:34] upd 185/200 | 0.50s | steps=8192 | loss=0.1537 pi=0.0049 v=0.2873 ent=0.5401 | frontier=on
[22:11:34] upd 186/200 | 0.50s | steps=8192 | loss=0.0996 pi=-0.0447 v=0.2784 ent=0.5515 | frontier=on
[22:11:35] upd 187/200 | 0.50s | steps=8192 | loss=0.1515 pi=0.0020 v=0.2888 ent=0.5523 | frontier=on
[22:11:35] upd 188/200 | 0.50s | steps=8192 | loss=0.1667 pi=0.0170 v=0.2894 ent=0.5465 | frontier=on
[22:11:36] upd 189/200 | 0.50s | steps=8192 | loss=0.1615 pi=0.0103 v=0.2921 ent=0.5514 | frontier=on
[22:11:36] upd 190/200 | 0.52s | steps=8192 | loss=0.1654 pi=0.0151 v=0.2897 ent=0.5416 | frontier=on
[22:11:37] upd 191/200 | 0.50s | steps=8192 | loss=0.1511 pi=0.0008 v=0.2906 ent=0.5455 | frontier=on
[22:11:37] upd 192/200 | 0.50s | steps=8192 | loss=0.1308 pi=-0.0159 v=0.2830 ent=0.5525 | frontier=on
[22:11:38] upd 193/200 | 0.50s | steps=8192 | loss=0.1150 pi=-0.0291 v=0.2780 ent=0.5496 | frontier=on
[22:11:38] upd 194/200 | 0.50s | steps=8192 | loss=0.1004 pi=-0.0444 v=0.2791 ent=0.5345 | frontier=on
[22:11:39] upd 195/200 | 0.50s | steps=8192 | loss=0.0966 pi=-0.0457 v=0.2745 ent=0.5410 | frontier=on
[22:11:39] upd 196/200 | 0.51s | steps=8192 | loss=0.1425 pi=-0.0088 v=0.2918 ent=0.5481 | frontier=on
[22:11:40] upd 197/200 | 0.50s | steps=8192 | loss=0.1516 pi=-0.0006 v=0.2942 ent=0.5402 | frontier=on
[22:11:40] upd 198/200 | 0.51s | steps=8192 | loss=0.1938 pi=0.0371 v=0.3029 ent=0.5431 | frontier=on
[22:11:41] upd 199/200 | 0.52s | steps=8192 | loss=0.1442 pi=-0.0049 v=0.2881 ent=0.5555 | frontier=on
[22:11:41] upd 200/200 | 0.51s | steps=8192 | loss=0.1194 pi=-0.0239 v=0.2766 ent=0.5496 | frontier=on
[22:11:41] Wrote runs/ppo_tiny/train_metrics.csv
[22:11:42] Wrote summary.json: {'checkpoint': 'ckpt_200.pt', 'reveal_only': {'win_rate': 0.71875, 'avg_steps': 8.34375, 'avg_progress': 0.0, 'invalid_rate': 0.0}, 'full': {'win_rate': 0.03125, 'avg_steps': 106.03125, 'avg_progress': 0.0, 'invalid_rate': 0.0}}
